<?xml version="1.0" encoding="UTF-8"?>
<!-- Generated by org.testng.reporters.JUnitReportReporter -->
<testsuite skipped="0" hostname="NXL75620" name="com.nxp.EdgeScale.Test1" tests="1" failures="0" timestamp="27 八月 2018 06:52:31 GMT" time="0.016" errors="0">
  <testcase name="test01" time="0.016" classname="com.nxp.EdgeScale.Test1"/>
</testsuite> <!-- com.nxp.EdgeScale.Test1 -->
