<?xml version="1.0" encoding="UTF-8"?>
<!-- Generated by org.testng.reporters.JUnitReportReporter -->
<testsuite skipped="0" hostname="NXL75620" name="com.nxp.EdgeScale.testcase.Login" tests="2" failures="0" timestamp="04 九月 2018 07:30:55 GMT" time="19.606" errors="0">
  <testcase name="testLogin" time="17.340" classname="com.nxp.EdgeScale.testcase.Login"/>
  <testcase name="testLoginFail" time="2.266" classname="com.nxp.EdgeScale.testcase.Login"/>
</testsuite> <!-- com.nxp.EdgeScale.testcase.Login -->
