<?xml version="1.0" encoding="UTF-8"?>
<!-- Generated by org.testng.reporters.JUnitReportReporter -->
<testsuite skipped="0" hostname="NXL75620" name="com.nxp.EdgeScale.testcase.Vendor" tests="1" failures="0" timestamp="11 九月 2018 08:44:46 GMT" time="12.919" errors="0">
  <testcase name="testEditVendor" time="12.919" classname="com.nxp.EdgeScale.testcase.Vendor"/>
</testsuite> <!-- com.nxp.EdgeScale.testcase.Vendor -->
