<?xml version="1.0" encoding="UTF-8"?>
<!-- Generated by org.testng.reporters.JUnitReportReporter -->
<testsuite skipped="0" hostname="NXL75620" name="com.nxp.EdgeScale.testcase.App" tests="8" failures="0" timestamp="04 九月 2018 07:30:55 GMT" time="158.926" errors="0">
  <testcase name="testDeployApp" time="17.346" classname="com.nxp.EdgeScale.testcase.App"/>
  <testcase name="testChangeAppPermission" time="22.894" classname="com.nxp.EdgeScale.testcase.App"/>
  <testcase name="testAppAddDocker" time="27.451" classname="com.nxp.EdgeScale.testcase.App"/>
  <testcase name="testAppMutipleDeploy" time="29.007" classname="com.nxp.EdgeScale.testcase.App"/>
  <testcase name="testDeleteApp" time="12.396" classname="com.nxp.EdgeScale.testcase.App"/>
  <testcase name="testEditAppInfo" time="23.268" classname="com.nxp.EdgeScale.testcase.App"/>
  <testcase name="testUpdateAppDocument" time="13.829" classname="com.nxp.EdgeScale.testcase.App"/>
  <testcase name="testDeployPublicApp" time="12.735" classname="com.nxp.EdgeScale.testcase.App"/>
</testsuite> <!-- com.nxp.EdgeScale.testcase.App -->
