<?xml version="1.0" encoding="UTF-8"?>
<!-- Generated by org.testng.reporters.JUnitReportReporter -->
<testsuite skipped="0" hostname="NXL75620" name="com.nxp.EdgeScale.testcase.Login" tests="2" failures="0" timestamp="04 九月 2018 10:02:09 GMT" time="21.840" errors="0">
  <testcase name="testLoginFail" time="4.442" classname="com.nxp.EdgeScale.testcase.Login"/>
  <testcase name="testLogin" time="17.398" classname="com.nxp.EdgeScale.testcase.Login"/>
</testsuite> <!-- com.nxp.EdgeScale.testcase.Login -->
