<?xml version="1.0" encoding="UTF-8"?>
<!-- Generated by org.testng.reporters.JUnitReportReporter -->
<testsuite skipped="0" hostname="NXL75620" name="com.nxp.EdgeScale.testcase.Solution" tests="1" failures="0" timestamp="11 九月 2018 08:49:50 GMT" time="24.564" errors="0">
  <testcase name="testDeploySolution" time="24.564" classname="com.nxp.EdgeScale.testcase.Solution"/>
</testsuite> <!-- com.nxp.EdgeScale.testcase.Solution -->
