<?xml version="1.0" encoding="UTF-8"?>
<!-- Generated by org.testng.reporters.JUnitReportReporter -->
<testsuite skipped="0" hostname="NXL75620" name="com.nxp.EdgeScale.testcase.CreateApp" tests="1" failures="0" timestamp="04 九月 2018 07:30:55 GMT" time="20.048" errors="0">
  <testcase name="testCreateDevice" time="20.048" classname="com.nxp.EdgeScale.testcase.CreateApp"/>
</testsuite> <!-- com.nxp.EdgeScale.testcase.CreateApp -->
