<?xml version="1.0" encoding="UTF-8"?>
<!-- Generated by org.testng.reporters.JUnitReportReporter -->
<testsuite skipped="0" hostname="NXL75620" name="com.nxp.EdgeScale.testcase.Vendor" tests="3" failures="0" timestamp="04 九月 2018 07:30:55 GMT" time="32.789" errors="0">
  <testcase name="testCreateVendor" time="10.933" classname="com.nxp.EdgeScale.testcase.Vendor"/>
  <testcase name="testEditVendor" time="10.563" classname="com.nxp.EdgeScale.testcase.Vendor"/>
  <testcase name="testDeleteVendor" time="11.293" classname="com.nxp.EdgeScale.testcase.Vendor"/>
</testsuite> <!-- com.nxp.EdgeScale.testcase.Vendor -->
