<?xml version="1.0" encoding="UTF-8"?>
<!-- Generated by org.testng.reporters.JUnitReportReporter -->
<testsuite skipped="0" hostname="NXL75620" name="com.nxp.EdgeScale.testcase.CreateModel" tests="1" failures="0" timestamp="04 九月 2018 07:30:55 GMT" time="14.968" errors="0">
  <testcase name="testCreateModel" time="14.968" classname="com.nxp.EdgeScale.testcase.CreateModel"/>
</testsuite> <!-- com.nxp.EdgeScale.testcase.CreateModel -->
