<?xml version="1.0" encoding="UTF-8"?>
<!-- Generated by org.testng.reporters.JUnitReportReporter -->
<testsuite skipped="0" hostname="NXL75620" name="com.nxp.EdgeScale.testcase.Model" tests="6" failures="0" timestamp="04 九月 2018 07:30:55 GMT" time="59.455" errors="0">
  <testcase name="testFindModelsByPlatform" time="9.712" classname="com.nxp.EdgeScale.testcase.Model"/>
  <testcase name="testFindModelsByModel" time="9.568" classname="com.nxp.EdgeScale.testcase.Model"/>
  <testcase name="testFindModelsByType" time="9.733" classname="com.nxp.EdgeScale.testcase.Model"/>
  <testcase name="testEditModel" time="10.496" classname="com.nxp.EdgeScale.testcase.Model"/>
  <testcase name="testFindModelsByVendor" time="9.579" classname="com.nxp.EdgeScale.testcase.Model"/>
  <testcase name="testDeleteModel" time="10.367" classname="com.nxp.EdgeScale.testcase.Model"/>
</testsuite> <!-- com.nxp.EdgeScale.testcase.Model -->
