<?xml version="1.0" encoding="UTF-8"?>
<!-- Generated by org.testng.reporters.JUnitReportReporter -->
<testsuite skipped="0" hostname="NXL75620" name="com.nxp.EdgeScale.testcase.CreateDevice" tests="1" failures="0" timestamp="11 九月 2018 08:29:22 GMT" time="17.648" errors="0">
  <testcase name="testCreateDevice" time="17.648" classname="com.nxp.EdgeScale.testcase.CreateDevice"/>
</testsuite> <!-- com.nxp.EdgeScale.testcase.CreateDevice -->
